08/16/2023 11:53:47 pm model_name: cnn_L5C1K1_all 
                 num_params: 1035 
                 best_epoch: 1 
                 test_loss: 0.10148312154519691 
                 max_auc: 0.5 
                 netName: model.cnn_L5C1K1 
                 batch_size: 1 
                  train_epochs: 100 
                 learning_rate: 5e-05 

08/17/2023 02:45:32 am model_name: cnn_L5C1K1_all 
                 num_params: 1035 
                 best_epoch: 97 
                 test_loss: 0.0554541637775069 
                 max_auc: 0.9099099487494192 
                 netName: model.cnn_L5C1K1 
                 batch_size: 1 
                  train_epochs: 100 
                 learning_rate: 5e-05 

08/17/2023 09:08:10 pm model_name: cnn_L5C1K1_all 
                 num_params: 1035 
                 best_epoch: 190 
                 test_loss: 0.05515279721555483 
                 max_auc: 0.9113378120041407 
                 netName: model.cnn_L5C1K1 
                 batch_size: 1 
                  train_epochs: 200 
                 learning_rate: 5e-05 

